<?xml version="1.0" encoding="UTF-8"?>
<!-- Generated by org.testng.reporters.JUnitXMLReporter -->
<testsuite hostname="DESKTOP-HCCC7LQ" ignored="0" name="VerifyUserRegistration" tests="1" failures="1" timestamp="23 Oct 2019 06:05:37 GMT" time="56.623" errors="0">
  <testcase name="userRegistration" time="53.495" classname="com.TestCases.VerifyUserRegistration">
    <failure type="org.openqa.selenium.TimeoutException" message="Expected condition failed: waiting for com.Pages.UserCreationPage$1@1e548eb6 (tried for 3 second(s) with 250 milliseconds interval)
Build info: version: &amp;apos;3.14.0&amp;apos;, revision: &amp;apos;aacccce0&amp;apos;, time: &amp;apos;2018-08-02T20:19:58.91Z&amp;apos;
System info: host: &amp;apos;DESKTOP-HCCC7LQ&amp;apos;, ip: &amp;apos;192.168.161.2&amp;apos;, os.name: &amp;apos;Windows 10&amp;apos;, os.arch: &amp;apos;amd64&amp;apos;, os.version: &amp;apos;10.0&amp;apos;, java.version: &amp;apos;1.8.0_171&amp;apos;
Driver info: driver.version: unknown">
      <![CDATA[org.openqa.selenium.TimeoutException: Expected condition failed: waiting for com.Pages.UserCreationPage$1@1e548eb6 (tried for 3 second(s) with 250 milliseconds interval)
Build info: version: '3.14.0', revision: 'aacccce0', time: '2018-08-02T20:19:58.91Z'
System info: host: 'DESKTOP-HCCC7LQ', ip: '192.168.161.2', os.name: 'Windows 10', os.arch: 'amd64', os.version: '10.0', java.version: '1.8.0_171'
Driver info: driver.version: unknown
at org.openqa.selenium.support.ui.FluentWait.timeoutException(FluentWait.java:315)
at org.openqa.selenium.support.ui.FluentWait.until(FluentWait.java:283)
at com.Pages.UserCreationPage.getTopValidation(UserCreationPage.java:178)
at com.TestCases.VerifyUserRegistration.userRegistration(VerifyUserRegistration.java:272)
at java.util.concurrent.FutureTask.run(Unknown Source)
at java.util.concurrent.ThreadPoolExecutor.runWorker(Unknown Source)
at java.util.concurrent.ThreadPoolExecutor$Worker.run(Unknown Source)
at java.lang.Thread.run(Unknown Source)
... Removed 16 stack frames]]>
    </failure>
  </testcase> <!-- userRegistration -->
</testsuite> <!-- VerifyUserRegistration -->
